tdvremote.js?v=1754974817768:1 [ELEMENT TYPE DEBUG] Called with: {overlayId: 'overlay_8083F9EF_BC21_BFD4_41D5_83F6CF44AD83', overlayClass: undefined, label: 'Projected-Image-01-Hotspot', hasVertices: 'none'}
tdvremote.js?v=1754974817768:1 [ELEMENT TYPE DEBUG] Returning ProjectedImage for: overlay_8083F9EF_BC21_BFD4_41D5_83F6CF44AD83
tdvremote.js?v=1754974817768:1 [OVERLAY DEBUG] Processing overlay: {overlayLabel: 'Projected-Image-01-Hotspot', displayLabel: 'Projected-Image-01-Hotspot', elementType: 'ProjectedImage', overlayClass: undefined, overlaySubtitle: '', …}
tdvremote.js?v=1754974817768:1 [ELEMENT-LABELS] Checking element "Projected-Image-01-Hotspot" (mode: none)
tdvremote.js?v=1754974817768:1 [ELEMENT TYPE DEBUG] Called with: {overlayId: 'overlay_85685869_BC3F_FCDC_41B7_E2B28AF858D2', overlayClass: undefined, label: 'Text-Projected-Image-01-Hotspot', hasVertices: 'none'}
tdvremote.js?v=1754974817768:1 [ELEMENT TYPE DEBUG] Checking image keywords for: overlay_85685869_bc3f_fcdc_41b7_e2b28af858d2, label: text-projected-image-01-hotspot
tdvremote.js?v=1754974817768:1 [OVERLAY DEBUG] Processing overlay: {overlayLabel: 'Text-Projected-Image-01-Hotspot', displayLabel: 'Text-Projected-Image-01-Hotspot', elementType: 'Image', overlayClass: undefined, overlaySubtitle: '', …}
tdvremote.js?v=1754974817768:1 [ELEMENT-LABELS] Checking element "Text-Projected-Image-01-Hotspot" (mode: none)
tdvremote.js?v=1754974817768:1 [ELEMENT TYPE DEBUG] Called with: {overlayId: 'overlay_880A460B_ADE7_B45C_41CB_0EB995ADC51C', overlayClass: undefined, label: 'Projected-Image-02-Hotspot', hasVertices: 'none'}
tdvremote.js?v=1754974817768:1 [ELEMENT TYPE DEBUG] Returning ProjectedImage for: overlay_880A460B_ADE7_B45C_41CB_0EB995ADC51C
tdvremote.js?v=1754974817768:1 [OVERLAY DEBUG] Processing overlay: {overlayLabel: 'Projected-Image-02-Hotspot', displayLabel: 'Projected-Image-02-Hotspot', elementType: 'ProjectedImage', overlayClass: undefined, overlaySubtitle: '', …}
tdvremote.js?v=1754974817768:1 [ELEMENT-LABELS] Checking element "Projected-Image-02-Hotspot" (mode: none)
tdvremote.js?v=1754974817768:1 [ELEMENT TYPE DEBUG] Called with: {overlayId: 'overlay_88506EDA_ADE1_B5FC_41DC_31E2903EC932', overlayClass: undefined, label: 'Projected-Image-02-1-Hotspot', hasVertices: 'none'}
tdvremote.js?v=1754974817768:1 [ELEMENT TYPE DEBUG] Returning ProjectedImage for: overlay_88506EDA_ADE1_B5FC_41DC_31E2903EC932
tdvremote.js?v=1754974817768:1 [OVERLAY DEBUG] Processing overlay: {overlayLabel: 'Projected-Image-02-1-Hotspot', displayLabel: 'Projected-Image-02-1-Hotspot', elementType: 'ProjectedImage', overlayClass: undefined, overlaySubtitle: '', …}
tdvremote.js?v=1754974817768:1 [ELEMENT-LABELS] Checking element "Projected-Image-02-1-Hotspot" (mode: none)
tdvremote.js?v=1754974817768:1 [ELEMENT TYPE DEBUG] Called with: {overlayId: 'overlay_8083F9EF_BC21_BFD4_41D5_83F6CF44AD83', overlayClass: undefined, label: 'Projected-Image-01-Hotspot', hasVertices: 'none'}
tdvremote.js?v=1754974817768:1 [ELEMENT TYPE DEBUG] Returning ProjectedImage for: overlay_8083F9EF_BC21_BFD4_41D5_83F6CF44AD83
tdvremote.js?v=1754974817768:1 [OVERLAY DEBUG] Processing overlay: {overlayLabel: 'Projected-Image-01-Hotspot', displayLabel: 'Projected-Image-01-Hotspot', elementType: 'ProjectedImage', overlayClass: undefined, overlaySubtitle: '', …}
tdvremote.js?v=1754974817768:1 [ELEMENT-LABELS] Checking element "Projected-Image-01-Hotspot" (mode: none)
tdvremote.js?v=1754974817768:1 [ELEMENT TYPE DEBUG] Called with: {overlayId: 'overlay_85685869_BC3F_FCDC_41B7_E2B28AF858D2', overlayClass: undefined, label: 'Text-Projected-Image-01-Hotspot', hasVertices: 'none'}
tdvremote.js?v=1754974817768:1 [ELEMENT TYPE DEBUG] Checking image keywords for: overlay_85685869_bc3f_fcdc_41b7_e2b28af858d2, label: text-projected-image-01-hotspot
tdvremote.js?v=1754974817768:1 [OVERLAY DEBUG] Processing overlay: {overlayLabel: 'Text-Projected-Image-01-Hotspot', displayLabel: 'Text-Projected-Image-01-Hotspot', elementType: 'Image', overlayClass: undefined, overlaySubtitle: '', …}
tdvremote.js?v=1754974817768:1 [ELEMENT-LABELS] Checking element "Text-Projected-Image-01-Hotspot" (mode: none)
tdvremote.js?v=1754974817768:1 [ELEMENT TYPE DEBUG] Called with: {overlayId: 'overlay_880A460B_ADE7_B45C_41CB_0EB995ADC51C', overlayClass: undefined, label: 'Projected-Image-02-Hotspot', hasVertices: 'none'}
tdvremote.js?v=1754974817768:1 [ELEMENT TYPE DEBUG] Returning ProjectedImage for: overlay_880A460B_ADE7_B45C_41CB_0EB995ADC51C
tdvremote.js?v=1754974817768:1 [OVERLAY DEBUG] Processing overlay: {overlayLabel: 'Projected-Image-02-Hotspot', displayLabel: 'Projected-Image-02-Hotspot', elementType: 'ProjectedImage', overlayClass: undefined, overlaySubtitle: '', …}
tdvremote.js?v=1754974817768:1 [ELEMENT-LABELS] Checking element "Projected-Image-02-Hotspot" (mode: none)
tdvremote.js?v=1754974817768:1 [ELEMENT TYPE DEBUG] Called with: {overlayId: 'overlay_88506EDA_ADE1_B5FC_41DC_31E2903EC932', overlayClass: undefined, label: 'Projected-Image-02-1-Hotspot', hasVertices: 'none'}
tdvremote.js?v=1754974817768:1 [ELEMENT TYPE DEBUG] Returning ProjectedImage for: overlay_88506EDA_ADE1_B5FC_41DC_31E2903EC932
tdvremote.js?v=1754974817768:1 [OVERLAY DEBUG] Processing overlay: {overlayLabel: 'Projected-Image-02-1-Hotspot', displayLabel: 'Projected-Image-02-1-Hotspot', elementType: 'ProjectedImage', overlayClass: undefined, overlaySubtitle: '', …}
tdvremote.js?v=1754974817768:1 [ELEMENT-LABELS] Checking element "Projected-Image-02-1-Hotspot" (mode: none)
tdvremote.js?v=1754974817768:1 [ICON DEBUG] Processing type: ProjectedImage
tdvremote.js?v=1754974817768:1 [ICON] Custom icons DISABLED, using default SVG for: ProjectedImage
tdvremote.js?v=1754974817768:1 [ICON DEBUG] Processing type: ProjectedImage
tdvremote.js?v=1754974817768:1 [ICON] Custom icons DISABLED, using default SVG for: ProjectedImage
tdvremote.js?v=1754974817768:1 [ICON DEBUG] Processing type: ProjectedImage
tdvremote.js?v=1754974817768:1 [ICON] Custom icons DISABLED, using default SVG for: ProjectedImage
